Determining if the include file malloc/malloc.h exists failed with the following output:
Change Dir: /home/dusan/Desktop/inery.cdt.1.7.x/build/inery_llvm/CMakeFiles/CMakeTmp

Run Build Command:"/usr/bin/make" "cmTC_da057/fast"
make[3]: Entering directory '/home/dusan/Desktop/inery.cdt.1.7.x/build/inery_llvm/CMakeFiles/CMakeTmp'
/usr/bin/make -f CMakeFiles/cmTC_da057.dir/build.make CMakeFiles/cmTC_da057.dir/build
make[4]: Entering directory '/home/dusan/Desktop/inery.cdt.1.7.x/build/inery_llvm/CMakeFiles/CMakeTmp'
Building C object CMakeFiles/cmTC_da057.dir/CheckIncludeFile.c.o
/usr/bin/cc    -o CMakeFiles/cmTC_da057.dir/CheckIncludeFile.c.o   -c /home/dusan/Desktop/inery.cdt.1.7.x/build/inery_llvm/CMakeFiles/CMakeTmp/CheckIncludeFile.c
/home/dusan/Desktop/inery.cdt.1.7.x/build/inery_llvm/CMakeFiles/CMakeTmp/CheckIncludeFile.c:1:10: fatal error: malloc/malloc.h: No such file or directory
 #include <malloc/malloc.h>
          ^~~~~~~~~~~~~~~~~
compilation terminated.
CMakeFiles/cmTC_da057.dir/build.make:65: recipe for target 'CMakeFiles/cmTC_da057.dir/CheckIncludeFile.c.o' failed
make[4]: *** [CMakeFiles/cmTC_da057.dir/CheckIncludeFile.c.o] Error 1
make[4]: Leaving directory '/home/dusan/Desktop/inery.cdt.1.7.x/build/inery_llvm/CMakeFiles/CMakeTmp'
Makefile:121: recipe for target 'cmTC_da057/fast' failed
make[3]: *** [cmTC_da057/fast] Error 2
make[3]: Leaving directory '/home/dusan/Desktop/inery.cdt.1.7.x/build/inery_llvm/CMakeFiles/CMakeTmp'


Determining if the include file valgrind/valgrind.h exists failed with the following output:
Change Dir: /home/dusan/Desktop/inery.cdt.1.7.x/build/inery_llvm/CMakeFiles/CMakeTmp

Run Build Command:"/usr/bin/make" "cmTC_6fa10/fast"
make[3]: Entering directory '/home/dusan/Desktop/inery.cdt.1.7.x/build/inery_llvm/CMakeFiles/CMakeTmp'
/usr/bin/make -f CMakeFiles/cmTC_6fa10.dir/build.make CMakeFiles/cmTC_6fa10.dir/build
make[4]: Entering directory '/home/dusan/Desktop/inery.cdt.1.7.x/build/inery_llvm/CMakeFiles/CMakeTmp'
Building C object CMakeFiles/cmTC_6fa10.dir/CheckIncludeFile.c.o
/usr/bin/cc    -o CMakeFiles/cmTC_6fa10.dir/CheckIncludeFile.c.o   -c /home/dusan/Desktop/inery.cdt.1.7.x/build/inery_llvm/CMakeFiles/CMakeTmp/CheckIncludeFile.c
/home/dusan/Desktop/inery.cdt.1.7.x/build/inery_llvm/CMakeFiles/CMakeTmp/CheckIncludeFile.c:1:10: fatal error: valgrind/valgrind.h: No such file or directory
 #include <valgrind/valgrind.h>
          ^~~~~~~~~~~~~~~~~~~~~
compilation terminated.
CMakeFiles/cmTC_6fa10.dir/build.make:65: recipe for target 'CMakeFiles/cmTC_6fa10.dir/CheckIncludeFile.c.o' failed
make[4]: *** [CMakeFiles/cmTC_6fa10.dir/CheckIncludeFile.c.o] Error 1
make[4]: Leaving directory '/home/dusan/Desktop/inery.cdt.1.7.x/build/inery_llvm/CMakeFiles/CMakeTmp'
Makefile:121: recipe for target 'cmTC_6fa10/fast' failed
make[3]: *** [cmTC_6fa10/fast] Error 2
make[3]: Leaving directory '/home/dusan/Desktop/inery.cdt.1.7.x/build/inery_llvm/CMakeFiles/CMakeTmp'


Determining if the include file mach/mach.h exists failed with the following output:
Change Dir: /home/dusan/Desktop/inery.cdt.1.7.x/build/inery_llvm/CMakeFiles/CMakeTmp

Run Build Command:"/usr/bin/make" "cmTC_c97bf/fast"
make[3]: Entering directory '/home/dusan/Desktop/inery.cdt.1.7.x/build/inery_llvm/CMakeFiles/CMakeTmp'
/usr/bin/make -f CMakeFiles/cmTC_c97bf.dir/build.make CMakeFiles/cmTC_c97bf.dir/build
make[4]: Entering directory '/home/dusan/Desktop/inery.cdt.1.7.x/build/inery_llvm/CMakeFiles/CMakeTmp'
Building C object CMakeFiles/cmTC_c97bf.dir/CheckIncludeFile.c.o
/usr/bin/cc    -o CMakeFiles/cmTC_c97bf.dir/CheckIncludeFile.c.o   -c /home/dusan/Desktop/inery.cdt.1.7.x/build/inery_llvm/CMakeFiles/CMakeTmp/CheckIncludeFile.c
/home/dusan/Desktop/inery.cdt.1.7.x/build/inery_llvm/CMakeFiles/CMakeTmp/CheckIncludeFile.c:1:10: fatal error: mach/mach.h: No such file or directory
 #include <mach/mach.h>
          ^~~~~~~~~~~~~
compilation terminated.
CMakeFiles/cmTC_c97bf.dir/build.make:65: recipe for target 'CMakeFiles/cmTC_c97bf.dir/CheckIncludeFile.c.o' failed
make[4]: *** [CMakeFiles/cmTC_c97bf.dir/CheckIncludeFile.c.o] Error 1
make[4]: Leaving directory '/home/dusan/Desktop/inery.cdt.1.7.x/build/inery_llvm/CMakeFiles/CMakeTmp'
Makefile:121: recipe for target 'cmTC_c97bf/fast' failed
make[3]: *** [cmTC_c97bf/fast] Error 2
make[3]: Leaving directory '/home/dusan/Desktop/inery.cdt.1.7.x/build/inery_llvm/CMakeFiles/CMakeTmp'


Determining if the include file histedit.h exists failed with the following output:
Change Dir: /home/dusan/Desktop/inery.cdt.1.7.x/build/inery_llvm/CMakeFiles/CMakeTmp

Run Build Command:"/usr/bin/make" "cmTC_02f49/fast"
make[3]: Entering directory '/home/dusan/Desktop/inery.cdt.1.7.x/build/inery_llvm/CMakeFiles/CMakeTmp'
/usr/bin/make -f CMakeFiles/cmTC_02f49.dir/build.make CMakeFiles/cmTC_02f49.dir/build
make[4]: Entering directory '/home/dusan/Desktop/inery.cdt.1.7.x/build/inery_llvm/CMakeFiles/CMakeTmp'
Building C object CMakeFiles/cmTC_02f49.dir/CheckIncludeFile.c.o
/usr/bin/cc    -o CMakeFiles/cmTC_02f49.dir/CheckIncludeFile.c.o   -c /home/dusan/Desktop/inery.cdt.1.7.x/build/inery_llvm/CMakeFiles/CMakeTmp/CheckIncludeFile.c
/home/dusan/Desktop/inery.cdt.1.7.x/build/inery_llvm/CMakeFiles/CMakeTmp/CheckIncludeFile.c:1:10: fatal error: histedit.h: No such file or directory
 #include <histedit.h>
          ^~~~~~~~~~~~
compilation terminated.
CMakeFiles/cmTC_02f49.dir/build.make:65: recipe for target 'CMakeFiles/cmTC_02f49.dir/CheckIncludeFile.c.o' failed
make[4]: *** [CMakeFiles/cmTC_02f49.dir/CheckIncludeFile.c.o] Error 1
make[4]: Leaving directory '/home/dusan/Desktop/inery.cdt.1.7.x/build/inery_llvm/CMakeFiles/CMakeTmp'
Makefile:121: recipe for target 'cmTC_02f49/fast' failed
make[3]: *** [cmTC_02f49/fast] Error 2
make[3]: Leaving directory '/home/dusan/Desktop/inery.cdt.1.7.x/build/inery_llvm/CMakeFiles/CMakeTmp'


Determining if the include file CrashReporterClient.h exists failed with the following output:
Change Dir: /home/dusan/Desktop/inery.cdt.1.7.x/build/inery_llvm/CMakeFiles/CMakeTmp

Run Build Command:"/usr/bin/make" "cmTC_5abaa/fast"
make[3]: Entering directory '/home/dusan/Desktop/inery.cdt.1.7.x/build/inery_llvm/CMakeFiles/CMakeTmp'
/usr/bin/make -f CMakeFiles/cmTC_5abaa.dir/build.make CMakeFiles/cmTC_5abaa.dir/build
make[4]: Entering directory '/home/dusan/Desktop/inery.cdt.1.7.x/build/inery_llvm/CMakeFiles/CMakeTmp'
Building C object CMakeFiles/cmTC_5abaa.dir/CheckIncludeFile.c.o
/usr/bin/cc    -o CMakeFiles/cmTC_5abaa.dir/CheckIncludeFile.c.o   -c /home/dusan/Desktop/inery.cdt.1.7.x/build/inery_llvm/CMakeFiles/CMakeTmp/CheckIncludeFile.c
/home/dusan/Desktop/inery.cdt.1.7.x/build/inery_llvm/CMakeFiles/CMakeTmp/CheckIncludeFile.c:1:10: fatal error: CrashReporterClient.h: No such file or directory
 #include <CrashReporterClient.h>
          ^~~~~~~~~~~~~~~~~~~~~~~
compilation terminated.
CMakeFiles/cmTC_5abaa.dir/build.make:65: recipe for target 'CMakeFiles/cmTC_5abaa.dir/CheckIncludeFile.c.o' failed
make[4]: *** [CMakeFiles/cmTC_5abaa.dir/CheckIncludeFile.c.o] Error 1
make[4]: Leaving directory '/home/dusan/Desktop/inery.cdt.1.7.x/build/inery_llvm/CMakeFiles/CMakeTmp'
Makefile:121: recipe for target 'cmTC_5abaa/fast' failed
make[3]: *** [cmTC_5abaa/fast] Error 2
make[3]: Leaving directory '/home/dusan/Desktop/inery.cdt.1.7.x/build/inery_llvm/CMakeFiles/CMakeTmp'


Determining if the function pfm_initialize exists in the pfm failed with the following output:
Change Dir: /home/dusan/Desktop/inery.cdt.1.7.x/build/inery_llvm/CMakeFiles/CMakeTmp

Run Build Command:"/usr/bin/make" "cmTC_9d304/fast"
make[3]: Entering directory '/home/dusan/Desktop/inery.cdt.1.7.x/build/inery_llvm/CMakeFiles/CMakeTmp'
/usr/bin/make -f CMakeFiles/cmTC_9d304.dir/build.make CMakeFiles/cmTC_9d304.dir/build
make[4]: Entering directory '/home/dusan/Desktop/inery.cdt.1.7.x/build/inery_llvm/CMakeFiles/CMakeTmp'
Building C object CMakeFiles/cmTC_9d304.dir/CheckFunctionExists.c.o
/usr/bin/cc   -DCHECK_FUNCTION_EXISTS=pfm_initialize   -o CMakeFiles/cmTC_9d304.dir/CheckFunctionExists.c.o   -c /home/dusan/share/cmake-3.13/Modules/CheckFunctionExists.c
Linking C executable cmTC_9d304
/home/dusan/bin/cmake -E cmake_link_script CMakeFiles/cmTC_9d304.dir/link.txt --verbose=1
/usr/bin/cc  -DCHECK_FUNCTION_EXISTS=pfm_initialize    CMakeFiles/cmTC_9d304.dir/CheckFunctionExists.c.o  -o cmTC_9d304 -lpfm -lm 
/usr/bin/ld: cannot find -lpfm
collect2: error: ld returned 1 exit status
CMakeFiles/cmTC_9d304.dir/build.make:86: recipe for target 'cmTC_9d304' failed
make[4]: *** [cmTC_9d304] Error 1
make[4]: Leaving directory '/home/dusan/Desktop/inery.cdt.1.7.x/build/inery_llvm/CMakeFiles/CMakeTmp'
Makefile:121: recipe for target 'cmTC_9d304/fast' failed
make[3]: *** [cmTC_9d304/fast] Error 2
make[3]: Leaving directory '/home/dusan/Desktop/inery.cdt.1.7.x/build/inery_llvm/CMakeFiles/CMakeTmp'


Determining if the pthread_create exist failed with the following output:
Change Dir: /home/dusan/Desktop/inery.cdt.1.7.x/build/inery_llvm/CMakeFiles/CMakeTmp

Run Build Command:"/usr/bin/make" "cmTC_54efd/fast"
make[3]: Entering directory '/home/dusan/Desktop/inery.cdt.1.7.x/build/inery_llvm/CMakeFiles/CMakeTmp'
/usr/bin/make -f CMakeFiles/cmTC_54efd.dir/build.make CMakeFiles/cmTC_54efd.dir/build
make[4]: Entering directory '/home/dusan/Desktop/inery.cdt.1.7.x/build/inery_llvm/CMakeFiles/CMakeTmp'
Building C object CMakeFiles/cmTC_54efd.dir/CheckSymbolExists.c.o
/usr/bin/cc    -o CMakeFiles/cmTC_54efd.dir/CheckSymbolExists.c.o   -c /home/dusan/Desktop/inery.cdt.1.7.x/build/inery_llvm/CMakeFiles/CMakeTmp/CheckSymbolExists.c
Linking C executable cmTC_54efd
/home/dusan/bin/cmake -E cmake_link_script CMakeFiles/cmTC_54efd.dir/link.txt --verbose=1
/usr/bin/cc      CMakeFiles/cmTC_54efd.dir/CheckSymbolExists.c.o  -o cmTC_54efd -lm 
CMakeFiles/cmTC_54efd.dir/CheckSymbolExists.c.o: In function `main':
CheckSymbolExists.c:(.text+0x1b): undefined reference to `pthread_create'
collect2: error: ld returned 1 exit status
CMakeFiles/cmTC_54efd.dir/build.make:86: recipe for target 'cmTC_54efd' failed
make[4]: *** [cmTC_54efd] Error 1
make[4]: Leaving directory '/home/dusan/Desktop/inery.cdt.1.7.x/build/inery_llvm/CMakeFiles/CMakeTmp'
Makefile:121: recipe for target 'cmTC_54efd/fast' failed
make[3]: *** [cmTC_54efd/fast] Error 2
make[3]: Leaving directory '/home/dusan/Desktop/inery.cdt.1.7.x/build/inery_llvm/CMakeFiles/CMakeTmp'

File /home/dusan/Desktop/inery.cdt.1.7.x/build/inery_llvm/CMakeFiles/CMakeTmp/CheckSymbolExists.c:
/* */
#include <pthread.h>

int main(int argc, char** argv)
{
  (void)argv;
#ifndef pthread_create
  return ((int*)(&pthread_create))[argc];
#else
  (void)argc;
  return 0;
#endif
}

Determining if the function pthread_create exists in the pthreads failed with the following output:
Change Dir: /home/dusan/Desktop/inery.cdt.1.7.x/build/inery_llvm/CMakeFiles/CMakeTmp

Run Build Command:"/usr/bin/make" "cmTC_96f6f/fast"
make[3]: Entering directory '/home/dusan/Desktop/inery.cdt.1.7.x/build/inery_llvm/CMakeFiles/CMakeTmp'
/usr/bin/make -f CMakeFiles/cmTC_96f6f.dir/build.make CMakeFiles/cmTC_96f6f.dir/build
make[4]: Entering directory '/home/dusan/Desktop/inery.cdt.1.7.x/build/inery_llvm/CMakeFiles/CMakeTmp'
Building C object CMakeFiles/cmTC_96f6f.dir/CheckFunctionExists.c.o
/usr/bin/cc   -DCHECK_FUNCTION_EXISTS=pthread_create   -o CMakeFiles/cmTC_96f6f.dir/CheckFunctionExists.c.o   -c /home/dusan/share/cmake-3.13/Modules/CheckFunctionExists.c
Linking C executable cmTC_96f6f
/home/dusan/bin/cmake -E cmake_link_script CMakeFiles/cmTC_96f6f.dir/link.txt --verbose=1
/usr/bin/cc  -DCHECK_FUNCTION_EXISTS=pthread_create    CMakeFiles/cmTC_96f6f.dir/CheckFunctionExists.c.o  -o cmTC_96f6f -lpthreads -lm 
/usr/bin/ld: cannot find -lpthreads
collect2: error: ld returned 1 exit status
CMakeFiles/cmTC_96f6f.dir/build.make:86: recipe for target 'cmTC_96f6f' failed
make[4]: *** [cmTC_96f6f] Error 1
make[4]: Leaving directory '/home/dusan/Desktop/inery.cdt.1.7.x/build/inery_llvm/CMakeFiles/CMakeTmp'
Makefile:121: recipe for target 'cmTC_96f6f/fast' failed
make[3]: *** [cmTC_96f6f/fast] Error 2
make[3]: Leaving directory '/home/dusan/Desktop/inery.cdt.1.7.x/build/inery_llvm/CMakeFiles/CMakeTmp'


Determining if the function xar_open exists in the xar failed with the following output:
Change Dir: /home/dusan/Desktop/inery.cdt.1.7.x/build/inery_llvm/CMakeFiles/CMakeTmp

Run Build Command:"/usr/bin/make" "cmTC_e0c63/fast"
make[3]: Entering directory '/home/dusan/Desktop/inery.cdt.1.7.x/build/inery_llvm/CMakeFiles/CMakeTmp'
/usr/bin/make -f CMakeFiles/cmTC_e0c63.dir/build.make CMakeFiles/cmTC_e0c63.dir/build
make[4]: Entering directory '/home/dusan/Desktop/inery.cdt.1.7.x/build/inery_llvm/CMakeFiles/CMakeTmp'
Building C object CMakeFiles/cmTC_e0c63.dir/CheckFunctionExists.c.o
/usr/bin/cc   -DCHECK_FUNCTION_EXISTS=xar_open   -o CMakeFiles/cmTC_e0c63.dir/CheckFunctionExists.c.o   -c /home/dusan/share/cmake-3.13/Modules/CheckFunctionExists.c
Linking C executable cmTC_e0c63
/home/dusan/bin/cmake -E cmake_link_script CMakeFiles/cmTC_e0c63.dir/link.txt --verbose=1
/usr/bin/cc  -DCHECK_FUNCTION_EXISTS=xar_open    CMakeFiles/cmTC_e0c63.dir/CheckFunctionExists.c.o  -o cmTC_e0c63 -lxar -lm 
/usr/bin/ld: cannot find -lxar
collect2: error: ld returned 1 exit status
CMakeFiles/cmTC_e0c63.dir/build.make:86: recipe for target 'cmTC_e0c63' failed
make[4]: *** [cmTC_e0c63] Error 1
make[4]: Leaving directory '/home/dusan/Desktop/inery.cdt.1.7.x/build/inery_llvm/CMakeFiles/CMakeTmp'
Makefile:121: recipe for target 'cmTC_e0c63/fast' failed
make[3]: *** [cmTC_e0c63/fast] Error 2
make[3]: Leaving directory '/home/dusan/Desktop/inery.cdt.1.7.x/build/inery_llvm/CMakeFiles/CMakeTmp'


Determining if the arc4random exist failed with the following output:
Change Dir: /home/dusan/Desktop/inery.cdt.1.7.x/build/inery_llvm/CMakeFiles/CMakeTmp

Run Build Command:"/usr/bin/make" "cmTC_6e5e4/fast"
make[3]: Entering directory '/home/dusan/Desktop/inery.cdt.1.7.x/build/inery_llvm/CMakeFiles/CMakeTmp'
/usr/bin/make -f CMakeFiles/cmTC_6e5e4.dir/build.make CMakeFiles/cmTC_6e5e4.dir/build
make[4]: Entering directory '/home/dusan/Desktop/inery.cdt.1.7.x/build/inery_llvm/CMakeFiles/CMakeTmp'
Building C object CMakeFiles/cmTC_6e5e4.dir/CheckSymbolExists.c.o
/usr/bin/cc    -o CMakeFiles/cmTC_6e5e4.dir/CheckSymbolExists.c.o   -c /home/dusan/Desktop/inery.cdt.1.7.x/build/inery_llvm/CMakeFiles/CMakeTmp/CheckSymbolExists.c
/home/dusan/Desktop/inery.cdt.1.7.x/build/inery_llvm/CMakeFiles/CMakeTmp/CheckSymbolExists.c: In function ‘main’:
/home/dusan/Desktop/inery.cdt.1.7.x/build/inery_llvm/CMakeFiles/CMakeTmp/CheckSymbolExists.c:8:19: error: ‘arc4random’ undeclared (first use in this function); did you mean ‘srandom’?
   return ((int*)(&arc4random))[argc];
                   ^~~~~~~~~~
                   srandom
/home/dusan/Desktop/inery.cdt.1.7.x/build/inery_llvm/CMakeFiles/CMakeTmp/CheckSymbolExists.c:8:19: note: each undeclared identifier is reported only once for each function it appears in
CMakeFiles/cmTC_6e5e4.dir/build.make:65: recipe for target 'CMakeFiles/cmTC_6e5e4.dir/CheckSymbolExists.c.o' failed
make[4]: *** [CMakeFiles/cmTC_6e5e4.dir/CheckSymbolExists.c.o] Error 1
make[4]: Leaving directory '/home/dusan/Desktop/inery.cdt.1.7.x/build/inery_llvm/CMakeFiles/CMakeTmp'
Makefile:121: recipe for target 'cmTC_6e5e4/fast' failed
make[3]: *** [cmTC_6e5e4/fast] Error 2
make[3]: Leaving directory '/home/dusan/Desktop/inery.cdt.1.7.x/build/inery_llvm/CMakeFiles/CMakeTmp'

File /home/dusan/Desktop/inery.cdt.1.7.x/build/inery_llvm/CMakeFiles/CMakeTmp/CheckSymbolExists.c:
/* */
#include <stdlib.h>

int main(int argc, char** argv)
{
  (void)argv;
#ifndef arc4random
  return ((int*)(&arc4random))[argc];
#else
  (void)argc;
  return 0;
#endif
}

Performing C SOURCE FILE Test C_SUPPORTS_WERROR_UNGUARDED_AVAILABILITY_NEW failed with the following output:
Change Dir: /home/dusan/Desktop/inery.cdt.1.7.x/build/inery_llvm/CMakeFiles/CMakeTmp

Run Build Command:"/usr/bin/make" "cmTC_4c961/fast"
make[3]: Entering directory '/home/dusan/Desktop/inery.cdt.1.7.x/build/inery_llvm/CMakeFiles/CMakeTmp'
/usr/bin/make -f CMakeFiles/cmTC_4c961.dir/build.make CMakeFiles/cmTC_4c961.dir/build
make[4]: Entering directory '/home/dusan/Desktop/inery.cdt.1.7.x/build/inery_llvm/CMakeFiles/CMakeTmp'
Building C object CMakeFiles/cmTC_4c961.dir/src.c.o
/usr/bin/cc   -DC_SUPPORTS_WERROR_UNGUARDED_AVAILABILITY_NEW   -Werror=unguarded-availability-new -o CMakeFiles/cmTC_4c961.dir/src.c.o   -c /home/dusan/Desktop/inery.cdt.1.7.x/build/inery_llvm/CMakeFiles/CMakeTmp/src.c
cc1: error: -Werror=unguarded-availability-new: no option -Wunguarded-availability-new
CMakeFiles/cmTC_4c961.dir/build.make:65: recipe for target 'CMakeFiles/cmTC_4c961.dir/src.c.o' failed
make[4]: *** [CMakeFiles/cmTC_4c961.dir/src.c.o] Error 1
make[4]: Leaving directory '/home/dusan/Desktop/inery.cdt.1.7.x/build/inery_llvm/CMakeFiles/CMakeTmp'
Makefile:121: recipe for target 'cmTC_4c961/fast' failed
make[3]: *** [cmTC_4c961/fast] Error 2
make[3]: Leaving directory '/home/dusan/Desktop/inery.cdt.1.7.x/build/inery_llvm/CMakeFiles/CMakeTmp'

Source file was:
int main(void) { return 0; }
Determining if the mallctl exist failed with the following output:
Change Dir: /home/dusan/Desktop/inery.cdt.1.7.x/build/inery_llvm/CMakeFiles/CMakeTmp

Run Build Command:"/usr/bin/make" "cmTC_af259/fast"
make[3]: Entering directory '/home/dusan/Desktop/inery.cdt.1.7.x/build/inery_llvm/CMakeFiles/CMakeTmp'
/usr/bin/make -f CMakeFiles/cmTC_af259.dir/build.make CMakeFiles/cmTC_af259.dir/build
make[4]: Entering directory '/home/dusan/Desktop/inery.cdt.1.7.x/build/inery_llvm/CMakeFiles/CMakeTmp'
Building C object CMakeFiles/cmTC_af259.dir/CheckSymbolExists.c.o
/usr/bin/cc    -o CMakeFiles/cmTC_af259.dir/CheckSymbolExists.c.o   -c /home/dusan/Desktop/inery.cdt.1.7.x/build/inery_llvm/CMakeFiles/CMakeTmp/CheckSymbolExists.c
/home/dusan/Desktop/inery.cdt.1.7.x/build/inery_llvm/CMakeFiles/CMakeTmp/CheckSymbolExists.c:2:10: fatal error: malloc_np.h: No such file or directory
 #include <malloc_np.h>
          ^~~~~~~~~~~~~
compilation terminated.
CMakeFiles/cmTC_af259.dir/build.make:65: recipe for target 'CMakeFiles/cmTC_af259.dir/CheckSymbolExists.c.o' failed
make[4]: *** [CMakeFiles/cmTC_af259.dir/CheckSymbolExists.c.o] Error 1
make[4]: Leaving directory '/home/dusan/Desktop/inery.cdt.1.7.x/build/inery_llvm/CMakeFiles/CMakeTmp'
Makefile:121: recipe for target 'cmTC_af259/fast' failed
make[3]: *** [cmTC_af259/fast] Error 2
make[3]: Leaving directory '/home/dusan/Desktop/inery.cdt.1.7.x/build/inery_llvm/CMakeFiles/CMakeTmp'

File /home/dusan/Desktop/inery.cdt.1.7.x/build/inery_llvm/CMakeFiles/CMakeTmp/CheckSymbolExists.c:
/* */
#include <malloc_np.h>

int main(int argc, char** argv)
{
  (void)argv;
#ifndef mallctl
  return ((int*)(&mallctl))[argc];
#else
  (void)argc;
  return 0;
#endif
}

Determining if the malloc_zone_statistics exist failed with the following output:
Change Dir: /home/dusan/Desktop/inery.cdt.1.7.x/build/inery_llvm/CMakeFiles/CMakeTmp

Run Build Command:"/usr/bin/make" "cmTC_280bc/fast"
make[3]: Entering directory '/home/dusan/Desktop/inery.cdt.1.7.x/build/inery_llvm/CMakeFiles/CMakeTmp'
/usr/bin/make -f CMakeFiles/cmTC_280bc.dir/build.make CMakeFiles/cmTC_280bc.dir/build
make[4]: Entering directory '/home/dusan/Desktop/inery.cdt.1.7.x/build/inery_llvm/CMakeFiles/CMakeTmp'
Building C object CMakeFiles/cmTC_280bc.dir/CheckSymbolExists.c.o
/usr/bin/cc    -o CMakeFiles/cmTC_280bc.dir/CheckSymbolExists.c.o   -c /home/dusan/Desktop/inery.cdt.1.7.x/build/inery_llvm/CMakeFiles/CMakeTmp/CheckSymbolExists.c
/home/dusan/Desktop/inery.cdt.1.7.x/build/inery_llvm/CMakeFiles/CMakeTmp/CheckSymbolExists.c:2:10: fatal error: malloc/malloc.h: No such file or directory
 #include <malloc/malloc.h>
          ^~~~~~~~~~~~~~~~~
compilation terminated.
CMakeFiles/cmTC_280bc.dir/build.make:65: recipe for target 'CMakeFiles/cmTC_280bc.dir/CheckSymbolExists.c.o' failed
make[4]: *** [CMakeFiles/cmTC_280bc.dir/CheckSymbolExists.c.o] Error 1
make[4]: Leaving directory '/home/dusan/Desktop/inery.cdt.1.7.x/build/inery_llvm/CMakeFiles/CMakeTmp'
Makefile:121: recipe for target 'cmTC_280bc/fast' failed
make[3]: *** [cmTC_280bc/fast] Error 2
make[3]: Leaving directory '/home/dusan/Desktop/inery.cdt.1.7.x/build/inery_llvm/CMakeFiles/CMakeTmp'

File /home/dusan/Desktop/inery.cdt.1.7.x/build/inery_llvm/CMakeFiles/CMakeTmp/CheckSymbolExists.c:
/* */
#include <malloc/malloc.h>

int main(int argc, char** argv)
{
  (void)argv;
#ifndef malloc_zone_statistics
  return ((int*)(&malloc_zone_statistics))[argc];
#else
  (void)argc;
  return 0;
#endif
}

Determining if the strerror_s exist failed with the following output:
Change Dir: /home/dusan/Desktop/inery.cdt.1.7.x/build/inery_llvm/CMakeFiles/CMakeTmp

Run Build Command:"/usr/bin/make" "cmTC_e34f9/fast"
make[3]: Entering directory '/home/dusan/Desktop/inery.cdt.1.7.x/build/inery_llvm/CMakeFiles/CMakeTmp'
/usr/bin/make -f CMakeFiles/cmTC_e34f9.dir/build.make CMakeFiles/cmTC_e34f9.dir/build
make[4]: Entering directory '/home/dusan/Desktop/inery.cdt.1.7.x/build/inery_llvm/CMakeFiles/CMakeTmp'
Building C object CMakeFiles/cmTC_e34f9.dir/CheckSymbolExists.c.o
/usr/bin/cc    -o CMakeFiles/cmTC_e34f9.dir/CheckSymbolExists.c.o   -c /home/dusan/Desktop/inery.cdt.1.7.x/build/inery_llvm/CMakeFiles/CMakeTmp/CheckSymbolExists.c
/home/dusan/Desktop/inery.cdt.1.7.x/build/inery_llvm/CMakeFiles/CMakeTmp/CheckSymbolExists.c: In function ‘main’:
/home/dusan/Desktop/inery.cdt.1.7.x/build/inery_llvm/CMakeFiles/CMakeTmp/CheckSymbolExists.c:8:19: error: ‘strerror_s’ undeclared (first use in this function); did you mean ‘strerror_l’?
   return ((int*)(&strerror_s))[argc];
                   ^~~~~~~~~~
                   strerror_l
/home/dusan/Desktop/inery.cdt.1.7.x/build/inery_llvm/CMakeFiles/CMakeTmp/CheckSymbolExists.c:8:19: note: each undeclared identifier is reported only once for each function it appears in
CMakeFiles/cmTC_e34f9.dir/build.make:65: recipe for target 'CMakeFiles/cmTC_e34f9.dir/CheckSymbolExists.c.o' failed
make[4]: *** [CMakeFiles/cmTC_e34f9.dir/CheckSymbolExists.c.o] Error 1
make[4]: Leaving directory '/home/dusan/Desktop/inery.cdt.1.7.x/build/inery_llvm/CMakeFiles/CMakeTmp'
Makefile:121: recipe for target 'cmTC_e34f9/fast' failed
make[3]: *** [cmTC_e34f9/fast] Error 2
make[3]: Leaving directory '/home/dusan/Desktop/inery.cdt.1.7.x/build/inery_llvm/CMakeFiles/CMakeTmp'

File /home/dusan/Desktop/inery.cdt.1.7.x/build/inery_llvm/CMakeFiles/CMakeTmp/CheckSymbolExists.c:
/* */
#include <string.h>

int main(int argc, char** argv)
{
  (void)argv;
#ifndef strerror_s
  return ((int*)(&strerror_s))[argc];
#else
  (void)argc;
  return 0;
#endif
}

Determining if the dladdr exist failed with the following output:
Change Dir: /home/dusan/Desktop/inery.cdt.1.7.x/build/inery_llvm/CMakeFiles/CMakeTmp

Run Build Command:"/usr/bin/make" "cmTC_018a7/fast"
make[3]: Entering directory '/home/dusan/Desktop/inery.cdt.1.7.x/build/inery_llvm/CMakeFiles/CMakeTmp'
/usr/bin/make -f CMakeFiles/cmTC_018a7.dir/build.make CMakeFiles/cmTC_018a7.dir/build
make[4]: Entering directory '/home/dusan/Desktop/inery.cdt.1.7.x/build/inery_llvm/CMakeFiles/CMakeTmp'
Building C object CMakeFiles/cmTC_018a7.dir/CheckSymbolExists.c.o
/usr/bin/cc    -o CMakeFiles/cmTC_018a7.dir/CheckSymbolExists.c.o   -c /home/dusan/Desktop/inery.cdt.1.7.x/build/inery_llvm/CMakeFiles/CMakeTmp/CheckSymbolExists.c
/home/dusan/Desktop/inery.cdt.1.7.x/build/inery_llvm/CMakeFiles/CMakeTmp/CheckSymbolExists.c: In function ‘main’:
/home/dusan/Desktop/inery.cdt.1.7.x/build/inery_llvm/CMakeFiles/CMakeTmp/CheckSymbolExists.c:8:19: error: ‘dladdr’ undeclared (first use in this function)
   return ((int*)(&dladdr))[argc];
                   ^~~~~~
/home/dusan/Desktop/inery.cdt.1.7.x/build/inery_llvm/CMakeFiles/CMakeTmp/CheckSymbolExists.c:8:19: note: each undeclared identifier is reported only once for each function it appears in
CMakeFiles/cmTC_018a7.dir/build.make:65: recipe for target 'CMakeFiles/cmTC_018a7.dir/CheckSymbolExists.c.o' failed
make[4]: *** [CMakeFiles/cmTC_018a7.dir/CheckSymbolExists.c.o] Error 1
make[4]: Leaving directory '/home/dusan/Desktop/inery.cdt.1.7.x/build/inery_llvm/CMakeFiles/CMakeTmp'
Makefile:121: recipe for target 'cmTC_018a7/fast' failed
make[3]: *** [cmTC_018a7/fast] Error 2
make[3]: Leaving directory '/home/dusan/Desktop/inery.cdt.1.7.x/build/inery_llvm/CMakeFiles/CMakeTmp'

File /home/dusan/Desktop/inery.cdt.1.7.x/build/inery_llvm/CMakeFiles/CMakeTmp/CheckSymbolExists.c:
/* */
#include <dlfcn.h>

int main(int argc, char** argv)
{
  (void)argv;
#ifndef dladdr
  return ((int*)(&dladdr))[argc];
#else
  (void)argc;
  return 0;
#endif
}

Performing C++ SOURCE FILE Test SUPPORTS_GNU_ZERO_VARIADIC_MACRO_ARGUMENTS_FLAG failed with the following output:
Change Dir: /home/dusan/Desktop/inery.cdt.1.7.x/build/inery_llvm/CMakeFiles/CMakeTmp

Run Build Command:"/usr/bin/make" "cmTC_03226/fast"
make[3]: Entering directory '/home/dusan/Desktop/inery.cdt.1.7.x/build/inery_llvm/CMakeFiles/CMakeTmp'
/usr/bin/make -f CMakeFiles/cmTC_03226.dir/build.make CMakeFiles/cmTC_03226.dir/build
make[4]: Entering directory '/home/dusan/Desktop/inery.cdt.1.7.x/build/inery_llvm/CMakeFiles/CMakeTmp'
Building CXX object CMakeFiles/cmTC_03226.dir/src.cxx.o
/usr/bin/c++    -DSUPPORTS_GNU_ZERO_VARIADIC_MACRO_ARGUMENTS_FLAG   -Wgnu-zero-variadic-macro-arguments -o CMakeFiles/cmTC_03226.dir/src.cxx.o -c /home/dusan/Desktop/inery.cdt.1.7.x/build/inery_llvm/CMakeFiles/CMakeTmp/src.cxx
c++: error: unrecognized command line option '-Wgnu-zero-variadic-macro-arguments'; did you mean '-Wno-variadic-macros'?
CMakeFiles/cmTC_03226.dir/build.make:65: recipe for target 'CMakeFiles/cmTC_03226.dir/src.cxx.o' failed
make[4]: *** [CMakeFiles/cmTC_03226.dir/src.cxx.o] Error 1
make[4]: Leaving directory '/home/dusan/Desktop/inery.cdt.1.7.x/build/inery_llvm/CMakeFiles/CMakeTmp'
Makefile:121: recipe for target 'cmTC_03226/fast' failed
make[3]: *** [cmTC_03226/fast] Error 2
make[3]: Leaving directory '/home/dusan/Desktop/inery.cdt.1.7.x/build/inery_llvm/CMakeFiles/CMakeTmp'

Source file was:
int main() { return 0; }
Performing C++ SOURCE FILE Test CXX_SUPPORTS_WERROR_UNGUARDED_AVAILABILITY_NEW failed with the following output:
Change Dir: /home/dusan/Desktop/inery.cdt.1.7.x/build/inery_llvm/CMakeFiles/CMakeTmp

Run Build Command:"/usr/bin/make" "cmTC_caf09/fast"
make[3]: Entering directory '/home/dusan/Desktop/inery.cdt.1.7.x/build/inery_llvm/CMakeFiles/CMakeTmp'
/usr/bin/make -f CMakeFiles/cmTC_caf09.dir/build.make CMakeFiles/cmTC_caf09.dir/build
make[4]: Entering directory '/home/dusan/Desktop/inery.cdt.1.7.x/build/inery_llvm/CMakeFiles/CMakeTmp'
Building CXX object CMakeFiles/cmTC_caf09.dir/src.cxx.o
/usr/bin/c++    -fPIC -fvisibility-inlines-hidden -Werror=date-time -DCXX_SUPPORTS_WERROR_UNGUARDED_AVAILABILITY_NEW   -Werror -Werror=unguarded-availability-new -o CMakeFiles/cmTC_caf09.dir/src.cxx.o -c /home/dusan/Desktop/inery.cdt.1.7.x/build/inery_llvm/CMakeFiles/CMakeTmp/src.cxx
cc1plus: error: -Werror=unguarded-availability-new: no option -Wunguarded-availability-new
CMakeFiles/cmTC_caf09.dir/build.make:65: recipe for target 'CMakeFiles/cmTC_caf09.dir/src.cxx.o' failed
make[4]: *** [CMakeFiles/cmTC_caf09.dir/src.cxx.o] Error 1
make[4]: Leaving directory '/home/dusan/Desktop/inery.cdt.1.7.x/build/inery_llvm/CMakeFiles/CMakeTmp'
Makefile:121: recipe for target 'cmTC_caf09/fast' failed
make[3]: *** [cmTC_caf09/fast] Error 2
make[3]: Leaving directory '/home/dusan/Desktop/inery.cdt.1.7.x/build/inery_llvm/CMakeFiles/CMakeTmp'

Source file was:
int main() { return 0; }
Performing C SOURCE FILE Test C_SUPPORTS_COVERED_SWITCH_DEFAULT_FLAG failed with the following output:
Change Dir: /home/dusan/Desktop/inery.cdt.1.7.x/build/inery_llvm/CMakeFiles/CMakeTmp

Run Build Command:"/usr/bin/make" "cmTC_34e5a/fast"
make[3]: Entering directory '/home/dusan/Desktop/inery.cdt.1.7.x/build/inery_llvm/CMakeFiles/CMakeTmp'
/usr/bin/make -f CMakeFiles/cmTC_34e5a.dir/build.make CMakeFiles/cmTC_34e5a.dir/build
make[4]: Entering directory '/home/dusan/Desktop/inery.cdt.1.7.x/build/inery_llvm/CMakeFiles/CMakeTmp'
Building C object CMakeFiles/cmTC_34e5a.dir/src.c.o
/usr/bin/cc   -fPIC -Werror=date-time -Wall -Wextra -Wno-unused-parameter -Wwrite-strings -Wno-missing-field-initializers -pedantic -Wno-long-long -DC_SUPPORTS_COVERED_SWITCH_DEFAULT_FLAG   -Werror -Wcovered-switch-default -o CMakeFiles/cmTC_34e5a.dir/src.c.o   -c /home/dusan/Desktop/inery.cdt.1.7.x/build/inery_llvm/CMakeFiles/CMakeTmp/src.c
cc: error: unrecognized command line option '-Wcovered-switch-default'; did you mean '-Wno-switch-default'?
CMakeFiles/cmTC_34e5a.dir/build.make:65: recipe for target 'CMakeFiles/cmTC_34e5a.dir/src.c.o' failed
make[4]: *** [CMakeFiles/cmTC_34e5a.dir/src.c.o] Error 1
make[4]: Leaving directory '/home/dusan/Desktop/inery.cdt.1.7.x/build/inery_llvm/CMakeFiles/CMakeTmp'
Makefile:121: recipe for target 'cmTC_34e5a/fast' failed
make[3]: *** [cmTC_34e5a/fast] Error 2
make[3]: Leaving directory '/home/dusan/Desktop/inery.cdt.1.7.x/build/inery_llvm/CMakeFiles/CMakeTmp'

Source file was:
int main(void) { return 0; }
Performing C++ SOURCE FILE Test CXX_SUPPORTS_COVERED_SWITCH_DEFAULT_FLAG failed with the following output:
Change Dir: /home/dusan/Desktop/inery.cdt.1.7.x/build/inery_llvm/CMakeFiles/CMakeTmp

Run Build Command:"/usr/bin/make" "cmTC_7ff6e/fast"
make[3]: Entering directory '/home/dusan/Desktop/inery.cdt.1.7.x/build/inery_llvm/CMakeFiles/CMakeTmp'
/usr/bin/make -f CMakeFiles/cmTC_7ff6e.dir/build.make CMakeFiles/cmTC_7ff6e.dir/build
make[4]: Entering directory '/home/dusan/Desktop/inery.cdt.1.7.x/build/inery_llvm/CMakeFiles/CMakeTmp'
Building CXX object CMakeFiles/cmTC_7ff6e.dir/src.cxx.o
/usr/bin/c++    -fPIC -fvisibility-inlines-hidden -Werror=date-time -std=c++11 -Wall -Wextra -Wno-unused-parameter -Wwrite-strings -Wcast-qual -Wno-missing-field-initializers -pedantic -Wno-long-long -DCXX_SUPPORTS_COVERED_SWITCH_DEFAULT_FLAG   -Werror -Wcovered-switch-default -o CMakeFiles/cmTC_7ff6e.dir/src.cxx.o -c /home/dusan/Desktop/inery.cdt.1.7.x/build/inery_llvm/CMakeFiles/CMakeTmp/src.cxx
c++: error: unrecognized command line option '-Wcovered-switch-default'; did you mean '-Wno-switch-default'?
CMakeFiles/cmTC_7ff6e.dir/build.make:65: recipe for target 'CMakeFiles/cmTC_7ff6e.dir/src.cxx.o' failed
make[4]: *** [CMakeFiles/cmTC_7ff6e.dir/src.cxx.o] Error 1
make[4]: Leaving directory '/home/dusan/Desktop/inery.cdt.1.7.x/build/inery_llvm/CMakeFiles/CMakeTmp'
Makefile:121: recipe for target 'cmTC_7ff6e/fast' failed
make[3]: *** [cmTC_7ff6e/fast] Error 2
make[3]: Leaving directory '/home/dusan/Desktop/inery.cdt.1.7.x/build/inery_llvm/CMakeFiles/CMakeTmp'

Source file was:
int main() { return 0; }
Performing C SOURCE FILE Test C_SUPPORTS_DELETE_NON_VIRTUAL_DTOR_FLAG failed with the following output:
Change Dir: /home/dusan/Desktop/inery.cdt.1.7.x/build/inery_llvm/CMakeFiles/CMakeTmp

Run Build Command:"/usr/bin/make" "cmTC_d3713/fast"
make[3]: Entering directory '/home/dusan/Desktop/inery.cdt.1.7.x/build/inery_llvm/CMakeFiles/CMakeTmp'
/usr/bin/make -f CMakeFiles/cmTC_d3713.dir/build.make CMakeFiles/cmTC_d3713.dir/build
make[4]: Entering directory '/home/dusan/Desktop/inery.cdt.1.7.x/build/inery_llvm/CMakeFiles/CMakeTmp'
Building C object CMakeFiles/cmTC_d3713.dir/src.c.o
/usr/bin/cc   -fPIC -Werror=date-time -Wall -Wextra -Wno-unused-parameter -Wwrite-strings -Wno-missing-field-initializers -pedantic -Wno-long-long -DC_SUPPORTS_DELETE_NON_VIRTUAL_DTOR_FLAG   -Werror -Wdelete-non-virtual-dtor -o CMakeFiles/cmTC_d3713.dir/src.c.o   -c /home/dusan/Desktop/inery.cdt.1.7.x/build/inery_llvm/CMakeFiles/CMakeTmp/src.c
cc1: error: command line option '-Wdelete-non-virtual-dtor' is valid for C++/ObjC++ but not for C [-Werror]
cc1: all warnings being treated as errors
CMakeFiles/cmTC_d3713.dir/build.make:65: recipe for target 'CMakeFiles/cmTC_d3713.dir/src.c.o' failed
make[4]: *** [CMakeFiles/cmTC_d3713.dir/src.c.o] Error 1
make[4]: Leaving directory '/home/dusan/Desktop/inery.cdt.1.7.x/build/inery_llvm/CMakeFiles/CMakeTmp'
Makefile:121: recipe for target 'cmTC_d3713/fast' failed
make[3]: *** [cmTC_d3713/fast] Error 2
make[3]: Leaving directory '/home/dusan/Desktop/inery.cdt.1.7.x/build/inery_llvm/CMakeFiles/CMakeTmp'

Source file was:
int main(void) { return 0; }
Performing C SOURCE FILE Test C_WCOMMENT_ALLOWS_LINE_WRAP failed with the following output:
Change Dir: /home/dusan/Desktop/inery.cdt.1.7.x/build/inery_llvm/CMakeFiles/CMakeTmp

Run Build Command:"/usr/bin/make" "cmTC_d133c/fast"
make[3]: Entering directory '/home/dusan/Desktop/inery.cdt.1.7.x/build/inery_llvm/CMakeFiles/CMakeTmp'
/usr/bin/make -f CMakeFiles/cmTC_d133c.dir/build.make CMakeFiles/cmTC_d133c.dir/build
make[4]: Entering directory '/home/dusan/Desktop/inery.cdt.1.7.x/build/inery_llvm/CMakeFiles/CMakeTmp'
Building C object CMakeFiles/cmTC_d133c.dir/src.c.o
/usr/bin/cc -D_GNU_SOURCE  -fPIC -Werror=date-time -Wall -Wextra -Wno-unused-parameter -Wwrite-strings -Wno-missing-field-initializers -pedantic -Wno-long-long -DC_WCOMMENT_ALLOWS_LINE_WRAP  -Werror -Wcomment   -o CMakeFiles/cmTC_d133c.dir/src.c.o   -c /home/dusan/Desktop/inery.cdt.1.7.x/build/inery_llvm/CMakeFiles/CMakeTmp/src.c
/home/dusan/Desktop/inery.cdt.1.7.x/build/inery_llvm/CMakeFiles/CMakeTmp/src.c:1:1: error: multi-line comment [-Werror=comment]
 // \
 ^
cc1: all warnings being treated as errors
CMakeFiles/cmTC_d133c.dir/build.make:65: recipe for target 'CMakeFiles/cmTC_d133c.dir/src.c.o' failed
make[4]: *** [CMakeFiles/cmTC_d133c.dir/src.c.o] Error 1
make[4]: Leaving directory '/home/dusan/Desktop/inery.cdt.1.7.x/build/inery_llvm/CMakeFiles/CMakeTmp'
Makefile:121: recipe for target 'cmTC_d133c/fast' failed
make[3]: *** [cmTC_d133c/fast] Error 2
make[3]: Leaving directory '/home/dusan/Desktop/inery.cdt.1.7.x/build/inery_llvm/CMakeFiles/CMakeTmp'

Source file was:
// \
//
int main() {return 0;}
Performing C SOURCE FILE Test C_SUPPORTS_STRING_CONVERSION_FLAG failed with the following output:
Change Dir: /home/dusan/Desktop/inery.cdt.1.7.x/build/inery_llvm/CMakeFiles/CMakeTmp

Run Build Command:"/usr/bin/make" "cmTC_bb848/fast"
make[3]: Entering directory '/home/dusan/Desktop/inery.cdt.1.7.x/build/inery_llvm/CMakeFiles/CMakeTmp'
/usr/bin/make -f CMakeFiles/cmTC_bb848.dir/build.make CMakeFiles/cmTC_bb848.dir/build
make[4]: Entering directory '/home/dusan/Desktop/inery.cdt.1.7.x/build/inery_llvm/CMakeFiles/CMakeTmp'
Building C object CMakeFiles/cmTC_bb848.dir/src.c.o
/usr/bin/cc   -fPIC -Werror=date-time -Wall -Wextra -Wno-unused-parameter -Wwrite-strings -Wno-missing-field-initializers -pedantic -Wno-long-long -Wno-comment -DC_SUPPORTS_STRING_CONVERSION_FLAG   -Werror -Wstring-conversion -o CMakeFiles/cmTC_bb848.dir/src.c.o   -c /home/dusan/Desktop/inery.cdt.1.7.x/build/inery_llvm/CMakeFiles/CMakeTmp/src.c
cc: error: unrecognized command line option '-Wstring-conversion'; did you mean '-Wint-conversion'?
CMakeFiles/cmTC_bb848.dir/build.make:65: recipe for target 'CMakeFiles/cmTC_bb848.dir/src.c.o' failed
make[4]: *** [CMakeFiles/cmTC_bb848.dir/src.c.o] Error 1
make[4]: Leaving directory '/home/dusan/Desktop/inery.cdt.1.7.x/build/inery_llvm/CMakeFiles/CMakeTmp'
Makefile:121: recipe for target 'cmTC_bb848/fast' failed
make[3]: *** [cmTC_bb848/fast] Error 2
make[3]: Leaving directory '/home/dusan/Desktop/inery.cdt.1.7.x/build/inery_llvm/CMakeFiles/CMakeTmp'

Source file was:
int main(void) { return 0; }
Performing C++ SOURCE FILE Test CXX_SUPPORTS_STRING_CONVERSION_FLAG failed with the following output:
Change Dir: /home/dusan/Desktop/inery.cdt.1.7.x/build/inery_llvm/CMakeFiles/CMakeTmp

Run Build Command:"/usr/bin/make" "cmTC_3495b/fast"
make[3]: Entering directory '/home/dusan/Desktop/inery.cdt.1.7.x/build/inery_llvm/CMakeFiles/CMakeTmp'
/usr/bin/make -f CMakeFiles/cmTC_3495b.dir/build.make CMakeFiles/cmTC_3495b.dir/build
make[4]: Entering directory '/home/dusan/Desktop/inery.cdt.1.7.x/build/inery_llvm/CMakeFiles/CMakeTmp'
Building CXX object CMakeFiles/cmTC_3495b.dir/src.cxx.o
/usr/bin/c++    -fPIC -fvisibility-inlines-hidden -Werror=date-time -std=c++11 -Wall -Wextra -Wno-unused-parameter -Wwrite-strings -Wcast-qual -Wno-missing-field-initializers -pedantic -Wno-long-long -Wno-maybe-uninitialized -Wdelete-non-virtual-dtor -Wno-comment -DCXX_SUPPORTS_STRING_CONVERSION_FLAG   -Werror -Wstring-conversion -o CMakeFiles/cmTC_3495b.dir/src.cxx.o -c /home/dusan/Desktop/inery.cdt.1.7.x/build/inery_llvm/CMakeFiles/CMakeTmp/src.cxx
c++: error: unrecognized command line option '-Wstring-conversion'; did you mean '-Wint-conversion'?
CMakeFiles/cmTC_3495b.dir/build.make:65: recipe for target 'CMakeFiles/cmTC_3495b.dir/src.cxx.o' failed
make[4]: *** [CMakeFiles/cmTC_3495b.dir/src.cxx.o] Error 1
make[4]: Leaving directory '/home/dusan/Desktop/inery.cdt.1.7.x/build/inery_llvm/CMakeFiles/CMakeTmp'
Makefile:121: recipe for target 'cmTC_3495b/fast' failed
make[3]: *** [cmTC_3495b/fast] Error 2
make[3]: Leaving directory '/home/dusan/Desktop/inery.cdt.1.7.x/build/inery_llvm/CMakeFiles/CMakeTmp'

Source file was:
int main() { return 0; }
Performing C++ SOURCE FILE Test CXX_SUPPORTS_NO_NESTED_ANON_TYPES_FLAG failed with the following output:
Change Dir: /home/dusan/Desktop/inery.cdt.1.7.x/build/inery_llvm/CMakeFiles/CMakeTmp

Run Build Command:"/usr/bin/make" "cmTC_40def/fast"
make[3]: Entering directory '/home/dusan/Desktop/inery.cdt.1.7.x/build/inery_llvm/CMakeFiles/CMakeTmp'
/usr/bin/make -f CMakeFiles/cmTC_40def.dir/build.make CMakeFiles/cmTC_40def.dir/build
make[4]: Entering directory '/home/dusan/Desktop/inery.cdt.1.7.x/build/inery_llvm/CMakeFiles/CMakeTmp'
Building CXX object CMakeFiles/cmTC_40def.dir/src.cxx.o
/usr/bin/c++    -fPIC -fvisibility-inlines-hidden -Werror=date-time -std=c++11 -Wall -Wextra -Wno-unused-parameter -Wwrite-strings -Wcast-qual -Wno-missing-field-initializers -pedantic -Wno-long-long -Wno-maybe-uninitialized -Wdelete-non-virtual-dtor -Wno-comment -ffunction-sections -fdata-sections -fno-common -Woverloaded-virtual -fno-strict-aliasing -DCXX_SUPPORTS_NO_NESTED_ANON_TYPES_FLAG   -Werror -Wnested-anon-types -o CMakeFiles/cmTC_40def.dir/src.cxx.o -c /home/dusan/Desktop/inery.cdt.1.7.x/build/inery_llvm/CMakeFiles/CMakeTmp/src.cxx
c++: error: unrecognized command line option '-Wnested-anon-types'; did you mean '-Wnested-externs'?
CMakeFiles/cmTC_40def.dir/build.make:65: recipe for target 'CMakeFiles/cmTC_40def.dir/src.cxx.o' failed
make[4]: *** [CMakeFiles/cmTC_40def.dir/src.cxx.o] Error 1
make[4]: Leaving directory '/home/dusan/Desktop/inery.cdt.1.7.x/build/inery_llvm/CMakeFiles/CMakeTmp'
Makefile:121: recipe for target 'cmTC_40def/fast' failed
make[3]: *** [cmTC_40def/fast] Error 2
make[3]: Leaving directory '/home/dusan/Desktop/inery.cdt.1.7.x/build/inery_llvm/CMakeFiles/CMakeTmp'

Source file was:
int main() { return 0; }
