Compiling the C compiler identification source file "CMakeCCompilerId.c" failed.
Compiler: /home/dusan/Desktop/inery.cdt.1.7.x/build/bin/inery-cc 
Build flags: ;-O3;
Id flags:  

The output was:
255
/home/dusan/Desktop/inery.cdt.1.7.x/build/bin/wasm-ld: error: unable to find library -lc++
/home/dusan/Desktop/inery.cdt.1.7.x/build/bin/wasm-ld: error: unable to find library -lc
/home/dusan/Desktop/inery.cdt.1.7.x/build/bin/wasm-ld: error: unable to find library -linery
/home/dusan/Desktop/inery.cdt.1.7.x/build/bin/wasm-ld: error: unable to find library -linery_dsm


Compiling the CXX compiler identification source file "CMakeCXXCompilerId.cpp" failed.
Compiler: /home/dusan/Desktop/inery.cdt.1.7.x/build/bin/inery-cpp 
Build flags: ;-O3;
Id flags:  

The output was:
255
/home/dusan/Desktop/inery.cdt.1.7.x/build/bin/wasm-ld: error: unable to find library -lc++
/home/dusan/Desktop/inery.cdt.1.7.x/build/bin/wasm-ld: error: unable to find library -lc
/home/dusan/Desktop/inery.cdt.1.7.x/build/bin/wasm-ld: error: unable to find library -linery
/home/dusan/Desktop/inery.cdt.1.7.x/build/bin/wasm-ld: error: unable to find library -linery_dsm


Detecting C compiler ABI info failed to compile with the following output:
Change Dir: /home/dusan/Desktop/inery.cdt.1.7.x/build/libraries/CMakeFiles/CMakeTmp

Run Build Command:"/usr/bin/make" "cmTC_852da/fast"
make[3]: Entering directory '/home/dusan/Desktop/inery.cdt.1.7.x/build/libraries/CMakeFiles/CMakeTmp'
/usr/bin/make -f CMakeFiles/cmTC_852da.dir/build.make CMakeFiles/cmTC_852da.dir/build
make[4]: Entering directory '/home/dusan/Desktop/inery.cdt.1.7.x/build/libraries/CMakeFiles/CMakeTmp'
Building C object CMakeFiles/cmTC_852da.dir/CMakeCCompilerABI.c.obj
/home/dusan/Desktop/inery.cdt.1.7.x/build/bin/inery-cc   -O3     -o CMakeFiles/cmTC_852da.dir/CMakeCCompilerABI.c.obj   -c /home/dusan/share/cmake-3.13/Modules/CMakeCCompilerABI.c
Linking C executable cmTC_852da.wasm
/home/dusan/bin/cmake -E cmake_link_script CMakeFiles/cmTC_852da.dir/link.txt --verbose=1
/home/dusan/Desktop/inery.cdt.1.7.x/build/bin/inery-ld  -v CMakeFiles/cmTC_852da.dir/CMakeCCompilerABI.c.obj -o cmTC_852da.wasm 
inery-ld: Unknown command line argument '-v'.  Try: '/home/dusan/Desktop/inery.cdt.1.7.x/build/bin/inery-ld -help'
inery-ld: Did you mean '-L'?
CMakeFiles/cmTC_852da.dir/build.make:86: recipe for target 'cmTC_852da.wasm' failed
make[4]: *** [cmTC_852da.wasm] Error 1
make[4]: Leaving directory '/home/dusan/Desktop/inery.cdt.1.7.x/build/libraries/CMakeFiles/CMakeTmp'
Makefile:121: recipe for target 'cmTC_852da/fast' failed
make[3]: *** [cmTC_852da/fast] Error 2
make[3]: Leaving directory '/home/dusan/Desktop/inery.cdt.1.7.x/build/libraries/CMakeFiles/CMakeTmp'



Detecting C [-std=c11] compiler features failed to compile with the following output:
Change Dir: /home/dusan/Desktop/inery.cdt.1.7.x/build/libraries/CMakeFiles/CMakeTmp

Run Build Command:"/usr/bin/make" "cmTC_39435/fast"
make[3]: Entering directory '/home/dusan/Desktop/inery.cdt.1.7.x/build/libraries/CMakeFiles/CMakeTmp'
/usr/bin/make -f CMakeFiles/cmTC_39435.dir/build.make CMakeFiles/cmTC_39435.dir/build
make[4]: Entering directory '/home/dusan/Desktop/inery.cdt.1.7.x/build/libraries/CMakeFiles/CMakeTmp'
Building C object CMakeFiles/cmTC_39435.dir/feature_tests.c.obj
/home/dusan/Desktop/inery.cdt.1.7.x/build/bin/inery-cc   -O3     -std=c11 -o CMakeFiles/cmTC_39435.dir/feature_tests.c.obj   -c /home/dusan/Desktop/inery.cdt.1.7.x/build/libraries/CMakeFiles/feature_tests.c
inery-cc: Unknown command line argument '-std=c11'.  Try: '/home/dusan/Desktop/inery.cdt.1.7.x/build/bin/inery-cc -help'
inery-cc: Did you mean '-dD=c11'?
CMakeFiles/cmTC_39435.dir/build.make:65: recipe for target 'CMakeFiles/cmTC_39435.dir/feature_tests.c.obj' failed
make[4]: *** [CMakeFiles/cmTC_39435.dir/feature_tests.c.obj] Error 1
make[4]: Leaving directory '/home/dusan/Desktop/inery.cdt.1.7.x/build/libraries/CMakeFiles/CMakeTmp'
Makefile:121: recipe for target 'cmTC_39435/fast' failed
make[3]: *** [cmTC_39435/fast] Error 2
make[3]: Leaving directory '/home/dusan/Desktop/inery.cdt.1.7.x/build/libraries/CMakeFiles/CMakeTmp'



Detecting CXX compiler ABI info failed to compile with the following output:
Change Dir: /home/dusan/Desktop/inery.cdt.1.7.x/build/libraries/CMakeFiles/CMakeTmp

Run Build Command:"/usr/bin/make" "cmTC_6ab50/fast"
make[3]: Entering directory '/home/dusan/Desktop/inery.cdt.1.7.x/build/libraries/CMakeFiles/CMakeTmp'
/usr/bin/make -f CMakeFiles/cmTC_6ab50.dir/build.make CMakeFiles/cmTC_6ab50.dir/build
make[4]: Entering directory '/home/dusan/Desktop/inery.cdt.1.7.x/build/libraries/CMakeFiles/CMakeTmp'
Building CXX object CMakeFiles/cmTC_6ab50.dir/CMakeCXXCompilerABI.cpp.obj
/home/dusan/Desktop/inery.cdt.1.7.x/build/bin/inery-cpp    -O3     -o CMakeFiles/cmTC_6ab50.dir/CMakeCXXCompilerABI.cpp.obj -c /home/dusan/share/cmake-3.13/Modules/CMakeCXXCompilerABI.cpp
Linking CXX executable cmTC_6ab50.wasm
/home/dusan/bin/cmake -E cmake_link_script CMakeFiles/cmTC_6ab50.dir/link.txt --verbose=1
/home/dusan/Desktop/inery.cdt.1.7.x/build/bin/inery-ld  -v CMakeFiles/cmTC_6ab50.dir/CMakeCXXCompilerABI.cpp.obj -o cmTC_6ab50.wasm 
inery-ld: Unknown command line argument '-v'.  Try: '/home/dusan/Desktop/inery.cdt.1.7.x/build/bin/inery-ld -help'
inery-ld: Did you mean '-L'?
CMakeFiles/cmTC_6ab50.dir/build.make:86: recipe for target 'cmTC_6ab50.wasm' failed
make[4]: *** [cmTC_6ab50.wasm] Error 1
make[4]: Leaving directory '/home/dusan/Desktop/inery.cdt.1.7.x/build/libraries/CMakeFiles/CMakeTmp'
Makefile:121: recipe for target 'cmTC_6ab50/fast' failed
make[3]: *** [cmTC_6ab50/fast] Error 2
make[3]: Leaving directory '/home/dusan/Desktop/inery.cdt.1.7.x/build/libraries/CMakeFiles/CMakeTmp'



Detecting CXX [-std=c++2a] compiler features failed to compile with the following output:
Change Dir: /home/dusan/Desktop/inery.cdt.1.7.x/build/libraries/CMakeFiles/CMakeTmp

Run Build Command:"/usr/bin/make" "cmTC_e5c50/fast"
make[3]: Entering directory '/home/dusan/Desktop/inery.cdt.1.7.x/build/libraries/CMakeFiles/CMakeTmp'
/usr/bin/make -f CMakeFiles/cmTC_e5c50.dir/build.make CMakeFiles/cmTC_e5c50.dir/build
make[4]: Entering directory '/home/dusan/Desktop/inery.cdt.1.7.x/build/libraries/CMakeFiles/CMakeTmp'
Building CXX object CMakeFiles/cmTC_e5c50.dir/feature_tests.cxx.obj
/home/dusan/Desktop/inery.cdt.1.7.x/build/bin/inery-cpp    -O3     -std=c++2a -o CMakeFiles/cmTC_e5c50.dir/feature_tests.cxx.obj -c /home/dusan/Desktop/inery.cdt.1.7.x/build/libraries/CMakeFiles/feature_tests.cxx
Linking CXX executable cmTC_e5c50.wasm
/home/dusan/bin/cmake -E cmake_link_script CMakeFiles/cmTC_e5c50.dir/link.txt --verbose=1
/home/dusan/Desktop/inery.cdt.1.7.x/build/bin/inery-ld   CMakeFiles/cmTC_e5c50.dir/feature_tests.cxx.obj -o cmTC_e5c50.wasm 
/home/dusan/Desktop/inery.cdt.1.7.x/build/bin/wasm-ld: error: unable to find library -lc++
/home/dusan/Desktop/inery.cdt.1.7.x/build/bin/wasm-ld: error: unable to find library -lc
/home/dusan/Desktop/inery.cdt.1.7.x/build/bin/wasm-ld: error: unable to find library -linery
/home/dusan/Desktop/inery.cdt.1.7.x/build/bin/wasm-ld: error: unable to find library -linery_dsm
CMakeFiles/cmTC_e5c50.dir/build.make:86: recipe for target 'cmTC_e5c50.wasm' failed
make[4]: *** [cmTC_e5c50.wasm] Error 255
make[4]: Leaving directory '/home/dusan/Desktop/inery.cdt.1.7.x/build/libraries/CMakeFiles/CMakeTmp'
Makefile:121: recipe for target 'cmTC_e5c50/fast' failed
make[3]: *** [cmTC_e5c50/fast] Error 2
make[3]: Leaving directory '/home/dusan/Desktop/inery.cdt.1.7.x/build/libraries/CMakeFiles/CMakeTmp'



Checking whether the ASM compiler is GNU using "--version" did not match "(GNU assembler)|(GCC)|(Free Software Foundation)":
inery-cc version 1.7.0
Checking whether the ASM compiler is Clang using "--version" did not match "(clang version)":
inery-cc version 1.7.0
Checking whether the ASM compiler is AppleClang using "--version" did not match "(Apple LLVM version)":
inery-cc version 1.7.0
Checking whether the ASM compiler is HP using "-V" did not match "HP C":
inery-cc: Unknown command line argument '-V'.  Try: '/home/dusan/Desktop/inery.cdt.1.7.x/build/bin/inery-cc -help'
inery-cc: Did you mean '-C'?
inery-cc: Not enough positional command line arguments specified!
Must specify at least 1 positional argument: See: /home/dusan/Desktop/inery.cdt.1.7.x/build/bin/inery-cc -help
Checking whether the ASM compiler is Intel using "--version" did not match "(ICC)":
inery-cc version 1.7.0
Checking whether the ASM compiler is SunPro using "-V" did not match "Sun C":
inery-cc: Unknown command line argument '-V'.  Try: '/home/dusan/Desktop/inery.cdt.1.7.x/build/bin/inery-cc -help'
inery-cc: Did you mean '-C'?
inery-cc: Not enough positional command line arguments specified!
Must specify at least 1 positional argument: See: /home/dusan/Desktop/inery.cdt.1.7.x/build/bin/inery-cc -help
Checking whether the ASM compiler is XL using "-qversion" did not match "XL C":
inery-cc: Unknown command line argument '-qversion'.  Try: '/home/dusan/Desktop/inery.cdt.1.7.x/build/bin/inery-cc -help'
inery-cc: Did you mean '-version'?
inery-cc: Not enough positional command line arguments specified!
Must specify at least 1 positional argument: See: /home/dusan/Desktop/inery.cdt.1.7.x/build/bin/inery-cc -help
Checking whether the ASM compiler is MSVC using "/?" did not match "Microsoft":
clang-7: error: no such file or directory: '/?'
clang-7: error: no input files
/home/dusan/Desktop/inery.cdt.1.7.x/build/bin/wasm-ld: error: unable to find library -lc++
/home/dusan/Desktop/inery.cdt.1.7.x/build/bin/wasm-ld: error: unable to find library -lc
/home/dusan/Desktop/inery.cdt.1.7.x/build/bin/wasm-ld: error: unable to find library -linery
/home/dusan/Desktop/inery.cdt.1.7.x/build/bin/wasm-ld: error: unable to find library -linery_dsm
/home/dusan/Desktop/inery.cdt.1.7.x/build/bin/wasm-ld: error: cannot open /tmp//?-tmp.c.o: No such file or directory
Checking whether the ASM compiler is TI using "-h" did not match "Texas Instruments":
inery-cc: Unknown command line argument '-h'.  Try: '/home/dusan/Desktop/inery.cdt.1.7.x/build/bin/inery-cc -help'
inery-cc: Did you mean '-C'?
inery-cc: Not enough positional command line arguments specified!
Must specify at least 1 positional argument: See: /home/dusan/Desktop/inery.cdt.1.7.x/build/bin/inery-cc -help
Checking whether the ASM compiler is IAR using "" did not match "IAR Assembler":
inery-cc: Not enough positional command line arguments specified!
Must specify at least 1 positional argument: See: /home/dusan/Desktop/inery.cdt.1.7.x/build/bin/inery-cc -help
Checking whether the ASM compiler is ARMCC using "" did not match "(ARM Compiler)|(ARM Assembler)":
inery-cc: Not enough positional command line arguments specified!
Must specify at least 1 positional argument: See: /home/dusan/Desktop/inery.cdt.1.7.x/build/bin/inery-cc -help
Checking whether the ASM compiler is NASM using "-v" did not match "(NASM version)":
clang version 7.0.0 
Target: x86_64-unknown-linux-gnu
Thread model: posix
InstalledDir: /home/dusan/Desktop/inery.cdt.1.7.x/build/bin
Found candidate GCC installation: /usr/lib/gcc/i686-linux-gnu/8
Found candidate GCC installation: /usr/lib/gcc/x86_64-linux-gnu/6
Found candidate GCC installation: /usr/lib/gcc/x86_64-linux-gnu/6.5.0
Found candidate GCC installation: /usr/lib/gcc/x86_64-linux-gnu/7
Found candidate GCC installation: /usr/lib/gcc/x86_64-linux-gnu/7.5.0
Found candidate GCC installation: /usr/lib/gcc/x86_64-linux-gnu/8
Selected GCC installation: /usr/lib/gcc/x86_64-linux-gnu/7.5.0
Candidate multilib: .;@m64
Selected multilib: .;@m64
Checking whether the ASM compiler is YASM using "--version" did not match "(yasm)":
inery-cc version 1.7.0
Checking whether the ASM compiler is ADSP using "-version" did not match "Analog Devices":
inery-cc version 1.7.0
